15:36:41 **** Rebuild of configuration Debug for project Printing ****
Info: Internal Builder is used for build
gcc -O0 -g3 -Wall -c -fmessage-length=0 -o Printing.o "..\\Printing.c" 
gcc -o Printing.exe Printing.o 
c:/mingw/bin/../lib/gcc/x86_64-w64-mingw32/9.2.0/../../../../x86_64-w64-mingw32/lib/../lib/libmingw32.a(lib64_libmingw32_a-crt0_c.o):crt0_c.c:(.text.startup+0x2e): undefined reference to `WinMain'
collect2.exe: error: ld returned 1 exit status
15:37:04 **** Incremental Build of configuration Debug for project Printing ****
Info: Internal Builder is used for build
gcc -o Printing.exe Printing.o 
c:/mingw/bin/../lib/gcc/x86_64-w64-mingw32/9.2.0/../../../../x86_64-w64-mingw32/lib/../lib/libmingw32.a(lib64_libmingw32_a-crt0_c.o):crt0_c.c:(.text.startup+0x2e): undefined reference to `WinMain'
collect2.exe: error: ld returned 1 exit status
15:38:10 **** Incremental Build of configuration Debug for project Printing ****
Info: Internal Builder is used for build
gcc -o Printing.exe Printing.o 
c:/mingw/bin/../lib/gcc/x86_64-w64-mingw32/9.2.0/../../../../x86_64-w64-mingw32/lib/../lib/libmingw32.a(lib64_libmingw32_a-crt0_c.o):crt0_c.c:(.text.startup+0x2e): undefined reference to `WinMain'
collect2.exe: error: ld returned 1 exit status
15:39:13 **** Incremental Build of configuration Debug for project Printing ****
Info: Internal Builder is used for build
gcc -O0 -g3 -Wall -c -fmessage-length=0 -o Printing.o "..\\Printing.c" 
gcc -o Printing.exe Printing.o 
Info: Nothing to build for Printing
Info: Nothing to build for Printing
Info: Nothing to build for Printing
Info: Nothing to build for Printing
15:42:20 **** Incremental Build of configuration Debug for project Printing ****
Info: Internal Builder is used for build
gcc -O0 -g3 -Wall -c -fmessage-length=0 -o Printing.o "..\\Printing.c" 
gcc -o Printing.exe Printing.o 
Info: Nothing to build for Printing
15:48:45 **** Incremental Build of configuration Debug for project Printing ****
Info: Internal Builder is used for build
gcc -O0 -g3 -Wall -c -fmessage-length=0 -o Printing.o "..\\Printing.c" 
gcc -o Printing.exe Printing.o 
